[2021-06-08 16:12:48] (ERROR in xPDO::getService @ C:\xampp\htdocs\figma-project\Backend\Manager\core\xpdo\xpdo.class.php : 1235) modRestClient::__construct is deprecated since version 2.3.0. Use the modRest classes instead.
[2021-06-08 16:12:48] (ERROR in modRestCurlClient::__construct @ C:\xampp\htdocs\figma-project\Backend\Manager\core\model\modx\rest\modrestcurlclient.class.php : 26) modRestClient::__construct is deprecated since version 2.3.0. Use the modRest classes instead.
[2021-06-08 16:12:49] (ERROR in xPDO::getService @ C:\xampp\htdocs\figma-project\Backend\Manager\core\xpdo\xpdo.class.php : 1235) modRestClient::__construct is deprecated since version 2.3.0. Use the modRest classes instead.
[2021-06-08 16:12:49] (ERROR in modRestCurlClient::__construct @ C:\xampp\htdocs\figma-project\Backend\Manager\core\model\modx\rest\modrestcurlclient.class.php : 26) modRestClient::__construct is deprecated since version 2.3.0. Use the modRest classes instead.
[2021-06-08 16:12:49] (ERROR in xPDO::getService @ C:\xampp\htdocs\figma-project\Backend\Manager\core\xpdo\xpdo.class.php : 1235) modRestClient::__construct is deprecated since version 2.3.0. Use the modRest classes instead.
[2021-06-08 16:12:49] (ERROR in modRestCurlClient::__construct @ C:\xampp\htdocs\figma-project\Backend\Manager\core\model\modx\rest\modrestcurlclient.class.php : 26) modRestClient::__construct is deprecated since version 2.3.0. Use the modRest classes instead.
[2021-06-08 16:13:06] (ERROR in xPDO::getService @ C:\xampp\htdocs\figma-project\Backend\Manager\core\xpdo\xpdo.class.php : 1235) modRestClient::__construct is deprecated since version 2.3.0. Use the modRest classes instead.
[2021-06-08 16:13:06] (ERROR in modRestCurlClient::__construct @ C:\xampp\htdocs\figma-project\Backend\Manager\core\model\modx\rest\modrestcurlclient.class.php : 26) modRestClient::__construct is deprecated since version 2.3.0. Use the modRest classes instead.
[2021-06-08 16:13:09] (ERROR in xPDO::getService @ C:\xampp\htdocs\figma-project\Backend\Manager\core\xpdo\xpdo.class.php : 1235) modRestClient::__construct is deprecated since version 2.3.0. Use the modRest classes instead.
[2021-06-08 16:13:09] (ERROR in modRestCurlClient::__construct @ C:\xampp\htdocs\figma-project\Backend\Manager\core\model\modx\rest\modrestcurlclient.class.php : 26) modRestClient::__construct is deprecated since version 2.3.0. Use the modRest classes instead.
[2021-06-08 16:13:13] (ERROR in xPDO::getService @ C:\xampp\htdocs\figma-project\Backend\Manager\core\xpdo\xpdo.class.php : 1235) modRestClient::__construct is deprecated since version 2.3.0. Use the modRest classes instead.
[2021-06-08 16:13:13] (ERROR in modRestCurlClient::__construct @ C:\xampp\htdocs\figma-project\Backend\Manager\core\model\modx\rest\modrestcurlclient.class.php : 26) modRestClient::__construct is deprecated since version 2.3.0. Use the modRest classes instead.
[2021-06-08 16:13:13] (ERROR in xPDO::getService @ C:\xampp\htdocs\figma-project\Backend\Manager\core\xpdo\xpdo.class.php : 1235) modRestClient::__construct is deprecated since version 2.3.0. Use the modRest classes instead.
[2021-06-08 16:13:13] (ERROR in modRestCurlClient::__construct @ C:\xampp\htdocs\figma-project\Backend\Manager\core\model\modx\rest\modrestcurlclient.class.php : 26) modRestClient::__construct is deprecated since version 2.3.0. Use the modRest classes instead.
[2021-06-08 16:13:23] (ERROR in xPDO::getService @ C:\xampp\htdocs\figma-project\Backend\Manager\core\xpdo\xpdo.class.php : 1235) modRestClient::__construct is deprecated since version 2.3.0. Use the modRest classes instead.
[2021-06-08 16:13:23] (ERROR in modRestCurlClient::__construct @ C:\xampp\htdocs\figma-project\Backend\Manager\core\model\modx\rest\modrestcurlclient.class.php : 26) modRestClient::__construct is deprecated since version 2.3.0. Use the modRest classes instead.
[2021-06-09 06:07:45] (ERROR in xPDO::getService @ C:\xampp\htdocs\figma-project\Backend\Manager\core\xpdo\xpdo.class.php : 1235) modRestClient::__construct is deprecated since version 2.3.0. Use the modRest classes instead.
[2021-06-09 06:07:45] (ERROR in modRestCurlClient::__construct @ C:\xampp\htdocs\figma-project\Backend\Manager\core\model\modx\rest\modrestcurlclient.class.php : 26) modRestClient::__construct is deprecated since version 2.3.0. Use the modRest classes instead.
[2021-06-09 06:07:45] (ERROR in modRestCurlClient::__construct @ C:\xampp\htdocs\figma-project\Backend\Manager\core\model\modx\rest\modrestcurlclient.class.php : 26) modRestClient::__construct is deprecated since version 2.3.0. Use the modRest classes instead.
[2021-06-09 06:07:45] (ERROR in xPDO::getService @ C:\xampp\htdocs\figma-project\Backend\Manager\core\xpdo\xpdo.class.php : 1235) modRestClient::__construct is deprecated since version 2.3.0. Use the modRest classes instead.
[2021-06-09 06:07:45] (ERROR in modRestCurlClient::__construct @ C:\xampp\htdocs\figma-project\Backend\Manager\core\model\modx\rest\modrestcurlclient.class.php : 26) modRestClient::__construct is deprecated since version 2.3.0. Use the modRest classes instead.
[2021-06-09 06:07:58] (ERROR in xPDO::getService @ C:\xampp\htdocs\figma-project\Backend\Manager\core\xpdo\xpdo.class.php : 1235) modRestClient::__construct is deprecated since version 2.3.0. Use the modRest classes instead.
[2021-06-09 06:07:58] (ERROR in modRestCurlClient::__construct @ C:\xampp\htdocs\figma-project\Backend\Manager\core\model\modx\rest\modrestcurlclient.class.php : 26) modRestClient::__construct is deprecated since version 2.3.0. Use the modRest classes instead.
[2021-06-09 06:07:58] (ERROR in modRestCurlClient::__construct @ C:\xampp\htdocs\figma-project\Backend\Manager\core\model\modx\rest\modrestcurlclient.class.php : 26) modRestClient::__construct is deprecated since version 2.3.0. Use the modRest classes instead.
[2021-06-09 06:08:04] (ERROR in xPDO::getService @ C:\xampp\htdocs\figma-project\Backend\Manager\core\xpdo\xpdo.class.php : 1235) modRestClient::__construct is deprecated since version 2.3.0. Use the modRest classes instead.
[2021-06-09 06:08:04] (ERROR in modRestCurlClient::__construct @ C:\xampp\htdocs\figma-project\Backend\Manager\core\model\modx\rest\modrestcurlclient.class.php : 26) modRestClient::__construct is deprecated since version 2.3.0. Use the modRest classes instead.
[2021-06-09 06:08:57] (ERROR in xPDO::getService @ C:\xampp\htdocs\figma-project\Backend\Manager\core\xpdo\xpdo.class.php : 1235) modRestClient::__construct is deprecated since version 2.3.0. Use the modRest classes instead.
[2021-06-09 06:08:57] (ERROR in modRestCurlClient::__construct @ C:\xampp\htdocs\figma-project\Backend\Manager\core\model\modx\rest\modrestcurlclient.class.php : 26) modRestClient::__construct is deprecated since version 2.3.0. Use the modRest classes instead.
[2021-06-09 06:09:04] (ERROR in xPDO::getService @ C:\xampp\htdocs\figma-project\Backend\Manager\core\xpdo\xpdo.class.php : 1235) modRestClient::__construct is deprecated since version 2.3.0. Use the modRest classes instead.
[2021-06-09 06:09:04] (ERROR in modRestCurlClient::__construct @ C:\xampp\htdocs\figma-project\Backend\Manager\core\model\modx\rest\modrestcurlclient.class.php : 26) modRestClient::__construct is deprecated since version 2.3.0. Use the modRest classes instead.
[2021-06-09 06:09:04] (ERROR in xPDO::getService @ C:\xampp\htdocs\figma-project\Backend\Manager\core\xpdo\xpdo.class.php : 1235) modRestClient::__construct is deprecated since version 2.3.0. Use the modRest classes instead.
[2021-06-09 06:09:04] (ERROR in modRestCurlClient::__construct @ C:\xampp\htdocs\figma-project\Backend\Manager\core\model\modx\rest\modrestcurlclient.class.php : 26) modRestClient::__construct is deprecated since version 2.3.0. Use the modRest classes instead.
[2021-06-09 06:09:36] (ERROR in xPDO::getService @ C:\xampp\htdocs\figma-project\Backend\Manager\core\xpdo\xpdo.class.php : 1235) modRestClient::__construct is deprecated since version 2.3.0. Use the modRest classes instead.
[2021-06-09 06:09:36] (ERROR in modRestCurlClient::__construct @ C:\xampp\htdocs\figma-project\Backend\Manager\core\model\modx\rest\modrestcurlclient.class.php : 26) modRestClient::__construct is deprecated since version 2.3.0. Use the modRest classes instead.
[2021-06-09 15:35:36] (ERROR in xPDO::getService @ C:\xampp\htdocs\figma-project\Backend\Manager\core\xpdo\xpdo.class.php : 1235) modRestClient::__construct is deprecated since version 2.3.0. Use the modRest classes instead.
[2021-06-09 15:35:36] (ERROR in modRestCurlClient::__construct @ C:\xampp\htdocs\figma-project\Backend\Manager\core\model\modx\rest\modrestcurlclient.class.php : 26) modRestClient::__construct is deprecated since version 2.3.0. Use the modRest classes instead.
[2021-06-09 15:35:36] (ERROR in xPDO::getService @ C:\xampp\htdocs\figma-project\Backend\Manager\core\xpdo\xpdo.class.php : 1235) modRestClient::__construct is deprecated since version 2.3.0. Use the modRest classes instead.
[2021-06-09 15:35:36] (ERROR in modRestCurlClient::__construct @ C:\xampp\htdocs\figma-project\Backend\Manager\core\model\modx\rest\modrestcurlclient.class.php : 26) modRestClient::__construct is deprecated since version 2.3.0. Use the modRest classes instead.
[2021-06-09 15:35:36] (ERROR in xPDO::getService @ C:\xampp\htdocs\figma-project\Backend\Manager\core\xpdo\xpdo.class.php : 1235) modRestClient::__construct is deprecated since version 2.3.0. Use the modRest classes instead.
[2021-06-09 15:35:36] (ERROR in modRestCurlClient::__construct @ C:\xampp\htdocs\figma-project\Backend\Manager\core\model\modx\rest\modrestcurlclient.class.php : 26) modRestClient::__construct is deprecated since version 2.3.0. Use the modRest classes instead.
[2021-06-09 15:35:37] (ERROR in xPDO::getService @ C:\xampp\htdocs\figma-project\Backend\Manager\core\xpdo\xpdo.class.php : 1235) modRestClient::__construct is deprecated since version 2.3.0. Use the modRest classes instead.
[2021-06-09 15:35:37] (ERROR in modRestCurlClient::__construct @ C:\xampp\htdocs\figma-project\Backend\Manager\core\model\modx\rest\modrestcurlclient.class.php : 26) modRestClient::__construct is deprecated since version 2.3.0. Use the modRest classes instead.
[2021-06-09 15:35:37] (ERROR in xPDO::getService @ C:\xampp\htdocs\figma-project\Backend\Manager\core\xpdo\xpdo.class.php : 1235) modRestClient::__construct is deprecated since version 2.3.0. Use the modRest classes instead.
[2021-06-09 15:35:37] (ERROR in modRestCurlClient::__construct @ C:\xampp\htdocs\figma-project\Backend\Manager\core\model\modx\rest\modrestcurlclient.class.php : 26) modRestClient::__construct is deprecated since version 2.3.0. Use the modRest classes instead.
[2021-06-09 15:35:47] (ERROR @ C:\xampp\htdocs\figma-project\Backend\Manager\core\model\modx\rest\modrestclient.class.php : 245) Could not connect to provider at: https://rest.modx.com/extras/
[2021-06-09 15:35:47] (ERROR @ C:\xampp\htdocs\figma-project\Backend\Manager\core\model\modx\rest\modrestclient.class.php : 245) Could not connect to provider at: https://rest.modx.com/extras/
[2021-06-09 15:35:47] (ERROR in modTransportProvider::find @ C:\xampp\htdocs\figma-project\Backend\Manager\core\model\modx\transport\modtransportprovider.class.php : 276) MODX received a blank response from the provider. Please double check your service URL and make sure the provider is a valid provider.
[2021-06-09 15:35:47] (ERROR in modTransportProvider::find @ C:\xampp\htdocs\figma-project\Backend\Manager\core\model\modx\transport\modtransportprovider.class.php : 276) MODX received a blank response from the provider. Please double check your service URL and make sure the provider is a valid provider.
[2021-06-09 15:35:47] (ERROR in modTransportProvider::stats @ C:\xampp\htdocs\figma-project\Backend\Manager\core\model\modx\transport\modtransportprovider.class.php : 140) MODX received a blank response from the provider. Please double check your service URL and make sure the provider is a valid provider.
[2021-06-09 15:36:19] (ERROR in xPDO::getService @ C:\xampp\htdocs\figma-project\Backend\Manager\core\xpdo\xpdo.class.php : 1235) modRestClient::__construct is deprecated since version 2.3.0. Use the modRest classes instead.
[2021-06-09 15:36:19] (ERROR in modRestCurlClient::__construct @ C:\xampp\htdocs\figma-project\Backend\Manager\core\model\modx\rest\modrestcurlclient.class.php : 26) modRestClient::__construct is deprecated since version 2.3.0. Use the modRest classes instead.
[2021-06-09 15:36:19] (ERROR in xPDO::getService @ C:\xampp\htdocs\figma-project\Backend\Manager\core\xpdo\xpdo.class.php : 1235) modRestClient::__construct is deprecated since version 2.3.0. Use the modRest classes instead.
[2021-06-09 15:36:19] (ERROR in modRestCurlClient::__construct @ C:\xampp\htdocs\figma-project\Backend\Manager\core\model\modx\rest\modrestcurlclient.class.php : 26) modRestClient::__construct is deprecated since version 2.3.0. Use the modRest classes instead.
[2021-06-09 15:36:21] (ERROR in xPDO::getService @ C:\xampp\htdocs\figma-project\Backend\Manager\core\xpdo\xpdo.class.php : 1235) modRestClient::__construct is deprecated since version 2.3.0. Use the modRest classes instead.
[2021-06-09 15:36:21] (ERROR in modRestCurlClient::__construct @ C:\xampp\htdocs\figma-project\Backend\Manager\core\model\modx\rest\modrestcurlclient.class.php : 26) modRestClient::__construct is deprecated since version 2.3.0. Use the modRest classes instead.
[2021-06-09 15:36:21] (ERROR in xPDO::getService @ C:\xampp\htdocs\figma-project\Backend\Manager\core\xpdo\xpdo.class.php : 1235) modRestClient::__construct is deprecated since version 2.3.0. Use the modRest classes instead.
[2021-06-09 15:36:21] (ERROR in modRestCurlClient::__construct @ C:\xampp\htdocs\figma-project\Backend\Manager\core\model\modx\rest\modrestcurlclient.class.php : 26) modRestClient::__construct is deprecated since version 2.3.0. Use the modRest classes instead.
[2021-06-09 15:36:42] (ERROR @ C:\xampp\htdocs\figma-project\Backend\Manager\core\model\modx\rest\modrestclient.class.php : 245) Could not connect to provider at: https://rest.modx.com/extras/
[2021-06-09 15:36:42] (ERROR @ C:\xampp\htdocs\figma-project\Backend\Manager\core\model\modx\rest\modrestclient.class.php : 245) Could not connect to provider at: https://rest.modx.com/extras/
[2021-06-09 15:36:42] (ERROR in modTransportProvider::stats @ C:\xampp\htdocs\figma-project\Backend\Manager\core\model\modx\transport\modtransportprovider.class.php : 140) MODX received a blank response from the provider. Please double check your service URL and make sure the provider is a valid provider.
[2021-06-09 15:36:49] (ERROR @ C:\xampp\htdocs\figma-project\Backend\Manager\core\model\modx\rest\modrestclient.class.php : 245) Could not connect to provider at: https://rest.modx.com/extras/
[2021-06-09 15:36:49] (ERROR in modTransportProvider::find @ C:\xampp\htdocs\figma-project\Backend\Manager\core\model\modx\transport\modtransportprovider.class.php : 276) MODX received a blank response from the provider. Please double check your service URL and make sure the provider is a valid provider.
[2021-06-09 15:37:16] (ERROR in xPDO::getService @ C:\xampp\htdocs\figma-project\Backend\Manager\core\xpdo\xpdo.class.php : 1235) modRestClient::__construct is deprecated since version 2.3.0. Use the modRest classes instead.
[2021-06-09 15:37:16] (ERROR in xPDO::getService @ C:\xampp\htdocs\figma-project\Backend\Manager\core\xpdo\xpdo.class.php : 1235) modRestClient::__construct is deprecated since version 2.3.0. Use the modRest classes instead.
[2021-06-09 15:37:16] (ERROR in modRestCurlClient::__construct @ C:\xampp\htdocs\figma-project\Backend\Manager\core\model\modx\rest\modrestcurlclient.class.php : 26) modRestClient::__construct is deprecated since version 2.3.0. Use the modRest classes instead.
[2021-06-09 15:37:16] (ERROR in modRestCurlClient::__construct @ C:\xampp\htdocs\figma-project\Backend\Manager\core\model\modx\rest\modrestcurlclient.class.php : 26) modRestClient::__construct is deprecated since version 2.3.0. Use the modRest classes instead.
[2021-06-09 15:37:17] (ERROR in xPDO::getService @ C:\xampp\htdocs\figma-project\Backend\Manager\core\xpdo\xpdo.class.php : 1235) modRestClient::__construct is deprecated since version 2.3.0. Use the modRest classes instead.
[2021-06-09 15:37:17] (ERROR in modRestCurlClient::__construct @ C:\xampp\htdocs\figma-project\Backend\Manager\core\model\modx\rest\modrestcurlclient.class.php : 26) modRestClient::__construct is deprecated since version 2.3.0. Use the modRest classes instead.
[2021-06-09 15:37:17] (ERROR in xPDO::getService @ C:\xampp\htdocs\figma-project\Backend\Manager\core\xpdo\xpdo.class.php : 1235) modRestClient::__construct is deprecated since version 2.3.0. Use the modRest classes instead.
[2021-06-09 15:37:17] (ERROR in modRestCurlClient::__construct @ C:\xampp\htdocs\figma-project\Backend\Manager\core\model\modx\rest\modrestcurlclient.class.php : 26) modRestClient::__construct is deprecated since version 2.3.0. Use the modRest classes instead.
[2021-06-09 15:37:24] (ERROR in xPDO::getService @ C:\xampp\htdocs\figma-project\Backend\Manager\core\xpdo\xpdo.class.php : 1235) modRestClient::__construct is deprecated since version 2.3.0. Use the modRest classes instead.
[2021-06-09 15:37:24] (ERROR in modRestCurlClient::__construct @ C:\xampp\htdocs\figma-project\Backend\Manager\core\model\modx\rest\modrestcurlclient.class.php : 26) modRestClient::__construct is deprecated since version 2.3.0. Use the modRest classes instead.
[2021-06-09 15:37:36] (ERROR in xPDO::getService @ C:\xampp\htdocs\figma-project\Backend\Manager\core\xpdo\xpdo.class.php : 1235) modRestClient::__construct is deprecated since version 2.3.0. Use the modRest classes instead.
[2021-06-09 15:37:36] (ERROR in modRestCurlClient::__construct @ C:\xampp\htdocs\figma-project\Backend\Manager\core\model\modx\rest\modrestcurlclient.class.php : 26) modRestClient::__construct is deprecated since version 2.3.0. Use the modRest classes instead.
[2021-06-09 15:37:59] (ERROR in xPDO::getService @ C:\xampp\htdocs\figma-project\Backend\Manager\core\xpdo\xpdo.class.php : 1235) modRestClient::__construct is deprecated since version 2.3.0. Use the modRest classes instead.
[2021-06-09 15:37:59] (ERROR in modRestCurlClient::__construct @ C:\xampp\htdocs\figma-project\Backend\Manager\core\model\modx\rest\modrestcurlclient.class.php : 26) modRestClient::__construct is deprecated since version 2.3.0. Use the modRest classes instead.
[2021-06-09 15:37:59] (ERROR in xPDO::getService @ C:\xampp\htdocs\figma-project\Backend\Manager\core\xpdo\xpdo.class.php : 1235) modRestClient::__construct is deprecated since version 2.3.0. Use the modRest classes instead.
[2021-06-09 15:37:59] (ERROR in modRestCurlClient::__construct @ C:\xampp\htdocs\figma-project\Backend\Manager\core\model\modx\rest\modrestcurlclient.class.php : 26) modRestClient::__construct is deprecated since version 2.3.0. Use the modRest classes instead.
[2021-06-09 15:38:17] (ERROR in xPDO::getService @ C:\xampp\htdocs\figma-project\Backend\Manager\core\xpdo\xpdo.class.php : 1235) modRestClient::__construct is deprecated since version 2.3.0. Use the modRest classes instead.
[2021-06-09 15:38:17] (ERROR in modRestCurlClient::__construct @ C:\xampp\htdocs\figma-project\Backend\Manager\core\model\modx\rest\modrestcurlclient.class.php : 26) modRestClient::__construct is deprecated since version 2.3.0. Use the modRest classes instead.
[2021-06-09 15:53:24] (ERROR @ C:\xampp\htdocs\figma-project\Backend\Manager\core\xpdo\cache\xpdocachemanager.class.php : 1040) PHP warning: filesize(): stat failed for C:/xampp/htdocs/figma-project/Backend/Manager/core/cache/lexicon_topics/lexicon/en/core/file.cache.php
[2021-06-10 05:24:03] (ERROR in xPDO::getService @ C:\xampp\htdocs\figma-project\Backend\Manager\core\xpdo\xpdo.class.php : 1235) modRestClient::__construct is deprecated since version 2.3.0. Use the modRest classes instead.
[2021-06-10 05:24:03] (ERROR in modRestCurlClient::__construct @ C:\xampp\htdocs\figma-project\Backend\Manager\core\model\modx\rest\modrestcurlclient.class.php : 26) modRestClient::__construct is deprecated since version 2.3.0. Use the modRest classes instead.
[2021-06-10 05:24:03] (ERROR in xPDO::getService @ C:\xampp\htdocs\figma-project\Backend\Manager\core\xpdo\xpdo.class.php : 1235) modRestClient::__construct is deprecated since version 2.3.0. Use the modRest classes instead.
[2021-06-10 05:24:03] (ERROR in modRestCurlClient::__construct @ C:\xampp\htdocs\figma-project\Backend\Manager\core\model\modx\rest\modrestcurlclient.class.php : 26) modRestClient::__construct is deprecated since version 2.3.0. Use the modRest classes instead.
[2021-06-10 05:24:03] (ERROR in xPDO::getService @ C:\xampp\htdocs\figma-project\Backend\Manager\core\xpdo\xpdo.class.php : 1235) modRestClient::__construct is deprecated since version 2.3.0. Use the modRest classes instead.
[2021-06-10 05:24:03] (ERROR in modRestCurlClient::__construct @ C:\xampp\htdocs\figma-project\Backend\Manager\core\model\modx\rest\modrestcurlclient.class.php : 26) modRestClient::__construct is deprecated since version 2.3.0. Use the modRest classes instead.
[2021-06-10 05:24:07] (ERROR in xPDO::getService @ C:\xampp\htdocs\figma-project\Backend\Manager\core\xpdo\xpdo.class.php : 1235) modRestClient::__construct is deprecated since version 2.3.0. Use the modRest classes instead.
[2021-06-10 05:24:07] (ERROR in modRestCurlClient::__construct @ C:\xampp\htdocs\figma-project\Backend\Manager\core\model\modx\rest\modrestcurlclient.class.php : 26) modRestClient::__construct is deprecated since version 2.3.0. Use the modRest classes instead.
[2021-06-10 05:24:07] (ERROR in xPDO::getService @ C:\xampp\htdocs\figma-project\Backend\Manager\core\xpdo\xpdo.class.php : 1235) modRestClient::__construct is deprecated since version 2.3.0. Use the modRest classes instead.
[2021-06-10 05:24:07] (ERROR in modRestCurlClient::__construct @ C:\xampp\htdocs\figma-project\Backend\Manager\core\model\modx\rest\modrestcurlclient.class.php : 26) modRestClient::__construct is deprecated since version 2.3.0. Use the modRest classes instead.
